
> Configure project :ios
Using already downloaded SDK: /Users/RomanBootman/.moe/moe-sdk-1.9.0

> Configure project :framework:framework-ios
Using already downloaded SDK: /Users/RomanBootman/.moe/moe-sdk-1.9.0

> Task :framework:framework-common:compileJava UP-TO-DATE
> Task :framework:framework-common:processResources NO-SOURCE
> Task :framework:framework-common:classes UP-TO-DATE
> Task :framework:framework-common:jar UP-TO-DATE
> Task :common:compileJava UP-TO-DATE
> Task :common:processResources NO-SOURCE
> Task :common:classes UP-TO-DATE
> Task :common:jar UP-TO-DATE
> Task :framework:framework-ios:compileJava UP-TO-DATE
> Task :ios:compileJava UP-TO-DATE
> Task :ios:processResources UP-TO-DATE
> Task :ios:classes UP-TO-DATE
> Task :framework:framework-ios:processResources NO-SOURCE
> Task :framework:framework-ios:classes UP-TO-DATE
> Task :framework:framework-ios:jar UP-TO-DATE
> Task :ios:moeMainDebugProGuard UP-TO-DATE
> Task :ios:moeDebugGenerateUIObjCInterfaces
> Task :ios:moeMainDebugResourcePackager UP-TO-DATE
> Task :ios:moeMainDebugStartupProvider UP-TO-DATE
> Task :ios:moeMainDebugClassValidate UP-TO-DATE
> Task :ios:moeMainDebugDex UP-TO-DATE
> Task :ios:moeMainDebugX86_64Dex2Oat UP-TO-DATE
> Task :ios:moeMainDebugX86_64IphonesimulatorXcodeProvider

###########
# ERROR LOG
###########



> Task :ios:moeMainDebugIphonesimulatorXcodeBuild
Command line invocation:
    /Applications/Xcode.app/Contents/Developer/usr/bin/xcodebuild -configuration Debug -sdk iphonesimulator -project /Users/RomanBootman/android/moe-samples-java/InAppPurchase/ios/xcode/InAppPurchase.xcodeproj -target InAppPurchase MOE_GRADLE_EXTERNAL_BUILD=YES ONLY_ACTIVE_ARCH=NO ARCHS=x86_64 SYMROOT=/Users/RomanBootman/android/moe-samples-java/InAppPurchase/ios/build/moe/xcodebuild DSTROOT=/Users/RomanBootman/android/moe-samples-java/InAppPurchase/ios/build/moe/xcodebuild/dst OBJROOT=/Users/RomanBootman/android/moe-samples-java/InAppPurchase/ios/build/moe/xcodebuild/obj SHARED_PRECOMPS_DIR=/Users/RomanBootman/android/moe-samples-java/InAppPurchase/ios/build/moe/xcodebuild/shared_precomps

User defaults from command line:
    IDEPackageSupportUseBuiltinSCM = YES

Build settings from command line:
    ARCHS = x86_64
    DSTROOT = /Users/RomanBootman/android/moe-samples-java/InAppPurchase/ios/build/moe/xcodebuild/dst
    MOE_GRADLE_EXTERNAL_BUILD = YES
    OBJROOT = /Users/RomanBootman/android/moe-samples-java/InAppPurchase/ios/build/moe/xcodebuild/obj
    ONLY_ACTIVE_ARCH = NO
    SDKROOT = iphonesimulator15.2
    SHARED_PRECOMPS_DIR = /Users/RomanBootman/android/moe-samples-java/InAppPurchase/ios/build/moe/xcodebuild/shared_precomps
    SYMROOT = /Users/RomanBootman/android/moe-samples-java/InAppPurchase/ios/build/moe/xcodebuild

note: Using new build system
note: Planning
Analyze workspace

Create build description
Build description signature: 5be3e2e0462dc3a8a0276369d9d09744
Build description path: /Users/RomanBootman/android/moe-samples-java/InAppPurchase/ios/build/moe/xcodebuild/obj/XCBuildData/5be3e2e0462dc3a8a0276369d9d09744-desc.xcbuild

note: Build preparation complete
warning: Building targets in manual order is deprecated - check "Parallelize build for command-line builds" in the project editor, or set DISABLE_MANUAL_TARGET_ORDER_BUILD_WARNING in any of the targets in the current build to suppress this warning
CreateBuildDirectory /Users/RomanBootman/android/moe-samples-java/InAppPurchase/ios/build/moe/xcodebuild
    cd /Users/RomanBootman/android/moe-samples-java/InAppPurchase/ios/xcode/InAppPurchase.xcodeproj
    builtin-create-build-directory /Users/RomanBootman/android/moe-samples-java/InAppPurchase/ios/build/moe/xcodebuild

CreateBuildDirectory /Users/RomanBootman/android/moe-samples-java/InAppPurchase/ios/build/moe/xcodebuild/Debug-iphonesimulator
    cd /Users/RomanBootman/android/moe-samples-java/InAppPurchase/ios/xcode/InAppPurchase.xcodeproj
    builtin-create-build-directory /Users/RomanBootman/android/moe-samples-java/InAppPurchase/ios/build/moe/xcodebuild/Debug-iphonesimulator

CreateBuildDirectory /Users/RomanBootman/android/moe-samples-java/InAppPurchase/ios/build/moe/xcodebuild/obj
    cd /Users/RomanBootman/android/moe-samples-java/InAppPurchase/ios/xcode/InAppPurchase.xcodeproj
    builtin-create-build-directory /Users/RomanBootman/android/moe-samples-java/InAppPurchase/ios/build/moe/xcodebuild/obj

warning: Capabilities for Signing & Capabilities may not function correctly because its entitlements use a placeholder team ID. To resolve this, select a development team in the InAppPurchase editor. (in target 'InAppPurchase' from project 'InAppPurchase')
MkDir /Users/RomanBootman/android/moe-samples-java/InAppPurchase/ios/build/moe/xcodebuild/Debug-iphonesimulator/InAppPurchase.app (in target 'InAppPurchase' from project 'InAppPurchase')
    cd /Users/RomanBootman/android/moe-samples-java/InAppPurchase/ios/xcode
    /bin/mkdir -p /Users/RomanBootman/android/moe-samples-java/InAppPurchase/ios/build/moe/xcodebuild/Debug-iphonesimulator/InAppPurchase.app

WriteAuxiliaryFile /Users/RomanBootman/android/moe-samples-java/InAppPurchase/ios/build/moe/xcodebuild/obj/InAppPurchase.build/Debug-iphonesimulator/InAppPurchase.build/DerivedSources/Entitlements-Simulated.plist (in target 'InAppPurchase' from project 'InAppPurchase')
    cd /Users/RomanBootman/android/moe-samples-java/InAppPurchase/ios/xcode
    write-file /Users/RomanBootman/android/moe-samples-java/InAppPurchase/ios/build/moe/xcodebuild/obj/InAppPurchase.build/Debug-iphonesimulator/InAppPurchase.build/DerivedSources/Entitlements-Simulated.plist

WriteAuxiliaryFile /Users/RomanBootman/android/moe-samples-java/InAppPurchase/ios/build/moe/xcodebuild/obj/InAppPurchase.build/Debug-iphonesimulator/InAppPurchase.build/DerivedSources/Entitlements.plist (in target 'InAppPurchase' from project 'InAppPurchase')
    cd /Users/RomanBootman/android/moe-samples-java/InAppPurchase/ios/xcode
    write-file /Users/RomanBootman/android/moe-samples-java/InAppPurchase/ios/build/moe/xcodebuild/obj/InAppPurchase.build/Debug-iphonesimulator/InAppPurchase.build/DerivedSources/Entitlements.plist

ProcessProductPackaging "" /Users/RomanBootman/android/moe-samples-java/InAppPurchase/ios/build/moe/xcodebuild/obj/InAppPurchase.build/Debug-iphonesimulator/InAppPurchase.build/InAppPurchase.app.xcent (in target 'InAppPurchase' from project 'InAppPurchase')
    cd /Users/RomanBootman/android/moe-samples-java/InAppPurchase/ios/xcode
    
    Entitlements:
    
    {
    "com.apple.security.get-task-allow" = 1;
}
    
    builtin-productPackagingUtility -entitlements -format xml -o /Users/RomanBootman/android/moe-samples-java/InAppPurchase/ios/build/moe/xcodebuild/obj/InAppPurchase.build/Debug-iphonesimulator/InAppPurchase.build/InAppPurchase.app.xcent

ProcessProductPackaging "" /Users/RomanBootman/android/moe-samples-java/InAppPurchase/ios/build/moe/xcodebuild/obj/InAppPurchase.build/Debug-iphonesimulator/InAppPurchase.build/InAppPurchase.app-Simulated.xcent (in target 'InAppPurchase' from project 'InAppPurchase')
    cd /Users/RomanBootman/android/moe-samples-java/InAppPurchase/ios/xcode
    
    Entitlements:
    
    {
    "application-identifier" = "FAKETEAMID.org.moe.samples.InAppPurchase";
    "keychain-access-groups" =     (
        "FAKETEAMID.org.moe.samples.InAppPurchase"
    );
}
    
    builtin-productPackagingUtility -entitlements -format xml -o /Users/RomanBootman/android/moe-samples-java/InAppPurchase/ios/build/moe/xcodebuild/obj/InAppPurchase.build/Debug-iphonesimulator/InAppPurchase.build/InAppPurchase.app-Simulated.xcent

WriteAuxiliaryFile /Users/RomanBootman/android/moe-samples-java/InAppPurchase/ios/build/moe/xcodebuild/obj/InAppPurchase.build/Debug-iphonesimulator/InAppPurchase.build/InAppPurchase.hmap (in target 'InAppPurchase' from project 'InAppPurchase')
    cd /Users/RomanBootman/android/moe-samples-java/InAppPurchase/ios/xcode
    write-file /Users/RomanBootman/android/moe-samples-java/InAppPurchase/ios/build/moe/xcodebuild/obj/InAppPurchase.build/Debug-iphonesimulator/InAppPurchase.build/InAppPurchase.hmap

WriteAuxiliaryFile /Users/RomanBootman/android/moe-samples-java/InAppPurchase/ios/build/moe/xcodebuild/obj/InAppPurchase.build/Debug-iphonesimulator/InAppPurchase.build/InAppPurchase-project-headers.hmap (in target 'InAppPurchase' from project 'InAppPurchase')
    cd /Users/RomanBootman/android/moe-samples-java/InAppPurchase/ios/xcode
    write-file /Users/RomanBootman/android/moe-samples-java/InAppPurchase/ios/build/moe/xcodebuild/obj/InAppPurchase.build/Debug-iphonesimulator/InAppPurchase.build/InAppPurchase-project-headers.hmap

WriteAuxiliaryFile /Users/RomanBootman/android/moe-samples-java/InAppPurchase/ios/build/moe/xcodebuild/obj/InAppPurchase.build/Debug-iphonesimulator/InAppPurchase.build/all-product-headers.yaml (in target 'InAppPurchase' from project 'InAppPurchase')
    cd /Users/RomanBootman/android/moe-samples-java/InAppPurchase/ios/xcode
    write-file /Users/RomanBootman/android/moe-samples-java/InAppPurchase/ios/build/moe/xcodebuild/obj/InAppPurchase.build/Debug-iphonesimulator/InAppPurchase.build/all-product-headers.yaml

WriteAuxiliaryFile /Users/RomanBootman/android/moe-samples-java/InAppPurchase/ios/build/moe/xcodebuild/obj/InAppPurchase.build/Debug-iphonesimulator/InAppPurchase.build/InAppPurchase-own-target-headers.hmap (in target 'InAppPurchase' from project 'InAppPurchase')
    cd /Users/RomanBootman/android/moe-samples-java/InAppPurchase/ios/xcode
    write-file /Users/RomanBootman/android/moe-samples-java/InAppPurchase/ios/build/moe/xcodebuild/obj/InAppPurchase.build/Debug-iphonesimulator/InAppPurchase.build/InAppPurchase-own-target-headers.hmap

WriteAuxiliaryFile /Users/RomanBootman/android/moe-samples-java/InAppPurchase/ios/build/moe/xcodebuild/obj/InAppPurchase.build/Debug-iphonesimulator/InAppPurchase.build/InAppPurchase-generated-files.hmap (in target 'InAppPurchase' from project 'InAppPurchase')
    cd /Users/RomanBootman/android/moe-samples-java/InAppPurchase/ios/xcode
    write-file /Users/RomanBootman/android/moe-samples-java/InAppPurchase/ios/build/moe/xcodebuild/obj/InAppPurchase.build/Debug-iphonesimulator/InAppPurchase.build/InAppPurchase-generated-files.hmap

WriteAuxiliaryFile /Users/RomanBootman/android/moe-samples-java/InAppPurchase/ios/build/moe/xcodebuild/obj/InAppPurchase.build/Debug-iphonesimulator/InAppPurchase.build/InAppPurchase-all-target-headers.hmap (in target 'InAppPurchase' from project 'InAppPurchase')
    cd /Users/RomanBootman/android/moe-samples-java/InAppPurchase/ios/xcode
    write-file /Users/RomanBootman/android/moe-samples-java/InAppPurchase/ios/build/moe/xcodebuild/obj/InAppPurchase.build/Debug-iphonesimulator/InAppPurchase.build/InAppPurchase-all-target-headers.hmap

WriteAuxiliaryFile /Users/RomanBootman/android/moe-samples-java/InAppPurchase/ios/build/moe/xcodebuild/obj/InAppPurchase.build/Debug-iphonesimulator/InAppPurchase.build/InAppPurchase-all-non-framework-target-headers.hmap (in target 'InAppPurchase' from project 'InAppPurchase')
    cd /Users/RomanBootman/android/moe-samples-java/InAppPurchase/ios/xcode
    write-file /Users/RomanBootman/android/moe-samples-java/InAppPurchase/ios/build/moe/xcodebuild/obj/InAppPurchase.build/Debug-iphonesimulator/InAppPurchase.build/InAppPurchase-all-non-framework-target-headers.hmap

WriteAuxiliaryFile /Users/RomanBootman/android/moe-samples-java/InAppPurchase/ios/build/moe/xcodebuild/obj/InAppPurchase.build/Debug-iphonesimulator/InAppPurchase.build/Script-D6C1B2ABDF56DE545537EC83.sh (in target 'InAppPurchase' from project 'InAppPurchase')
    cd /Users/RomanBootman/android/moe-samples-java/InAppPurchase/ios/xcode
    write-file /Users/RomanBootman/android/moe-samples-java/InAppPurchase/ios/build/moe/xcodebuild/obj/InAppPurchase.build/Debug-iphonesimulator/InAppPurchase.build/Script-D6C1B2ABDF56DE545537EC83.sh

PhaseScriptExecution Compile\ Sources\ (MOE) /Users/RomanBootman/android/moe-samples-java/InAppPurchase/ios/build/moe/xcodebuild/obj/InAppPurchase.build/Debug-iphonesimulator/InAppPurchase.build/Script-D6C1B2ABDF56DE545537EC83.sh (in target 'InAppPurchase' from project 'InAppPurchase')
    cd /Users/RomanBootman/android/moe-samples-java/InAppPurchase/ios/xcode
    export ACTION\=build
    export AD_HOC_CODE_SIGNING_ALLOWED\=YES
    export ALLOW_TARGET_PLATFORM_SPECIALIZATION\=NO
    export ALTERNATE_GROUP\=staff
    export ALTERNATE_MODE\=u+w,go-w,a+rX
    export ALTERNATE_OWNER\=RomanBootman
    export ALWAYS_EMBED_SWIFT_STANDARD_LIBRARIES\=NO
    export ALWAYS_SEARCH_USER_PATHS\=NO
    export ALWAYS_USE_SEPARATE_HEADERMAPS\=NO
    export APPLE_INTERNAL_DEVELOPER_DIR\=/AppleInternal/Developer
    export APPLE_INTERNAL_DIR\=/AppleInternal
    export APPLE_INTERNAL_DOCUMENTATION_DIR\=/AppleInternal/Documentation
    export APPLE_INTERNAL_LIBRARY_DIR\=/AppleInternal/Library
    export APPLE_INTERNAL_TOOLS\=/AppleInternal/Developer/Tools
    export APPLICATION_EXTENSION_API_ONLY\=NO
    export APPLY_RULES_IN_COPY_FILES\=NO
    export APPLY_RULES_IN_COPY_HEADERS\=NO
    export ARCHS\=x86_64
    export ARCHS_STANDARD\=arm64\ x86_64\ i386
    export ARCHS_STANDARD_32_64_BIT\=arm64\ i386\ x86_64
    export ARCHS_STANDARD_32_BIT\=i386
    export ARCHS_STANDARD_64_BIT\=arm64\ x86_64
    export ARCHS_STANDARD_INCLUDING_64_BIT\=arm64\ x86_64\ i386
    export ARCHS_UNIVERSAL_IPHONE_OS\=arm64\ i386\ x86_64
    export ASSETCATALOG_COMPILER_APPICON_NAME\=AppIcon
    export AVAILABLE_PLATFORMS\=appletvos\ appletvsimulator\ driverkit\ iphoneos\ iphonesimulator\ macosx\ watchos\ watchsimulator
    export AppIdentifierPrefix\=FAKETEAMID.
    export BITCODE_GENERATION_MODE\=marker
    export BUILD_ACTIVE_RESOURCES_ONLY\=NO
    export BUILD_COMPONENTS\=headers\ build
    export BUILD_DIR\=/Users/RomanBootman/android/moe-samples-java/InAppPurchase/ios/build/moe/xcodebuild
    export BUILD_LIBRARY_FOR_DISTRIBUTION\=NO
    export BUILD_ROOT\=/Users/RomanBootman/android/moe-samples-java/InAppPurchase/ios/build/moe/xcodebuild
    export BUILD_STYLE\=
    export BUILD_VARIANTS\=normal
    export BUILT_PRODUCTS_DIR\=/Users/RomanBootman/android/moe-samples-java/InAppPurchase/ios/build/moe/xcodebuild/Debug-iphonesimulator
    export BUNDLE_CONTENTS_FOLDER_PATH_deep\=Contents/
    export BUNDLE_EXECUTABLE_FOLDER_NAME_deep\=MacOS
    export BUNDLE_FORMAT\=shallow
    export BUNDLE_FRAMEWORKS_FOLDER_PATH\=Frameworks
    export BUNDLE_PLUGINS_FOLDER_PATH\=PlugIns
    export BUNDLE_PRIVATE_HEADERS_FOLDER_PATH\=PrivateHeaders
    export BUNDLE_PUBLIC_HEADERS_FOLDER_PATH\=Headers
    export CACHE_ROOT\=/var/folders/q_/lnvz30554g316y62grdjdfkw0000gn/C/com.apple.DeveloperTools/13.2.1-13C100/Xcode
    export CCHROOT\=/var/folders/q_/lnvz30554g316y62grdjdfkw0000gn/C/com.apple.DeveloperTools/13.2.1-13C100/Xcode
    export CHMOD\=/bin/chmod
    export CHOWN\=/usr/sbin/chown
    export CLANG_CXX_LANGUAGE_STANDARD\=gnu++0x
    export CLANG_CXX_LIBRARY\=libc++
    export CLANG_ENABLE_MODULES\=YES
    export CLANG_ENABLE_OBJC_ARC\=YES
    export CLANG_MODULES_BUILD_SESSION_FILE\=/var/folders/q_/lnvz30554g316y62grdjdfkw0000gn/C/org.llvm.clang/ModuleCache.noindex/Session.modulevalidation
    export CLANG_WARN_BOOL_CONVERSION\=YES
    export CLANG_WARN_CONSTANT_CONVERSION\=YES
    export CLANG_WARN_DIRECT_OBJC_ISA_USAGE\=YES_ERROR
    export CLANG_WARN_EMPTY_BODY\=YES
    export CLANG_WARN_ENUM_CONVERSION\=YES
    export CLANG_WARN_INT_CONVERSION\=YES
    export CLANG_WARN_OBJC_ROOT_CLASS\=YES_ERROR
    export CLANG_WARN_UNREACHABLE_CODE\=YES
    export CLANG_WARN__DUPLICATE_METHOD_MATCH\=YES
    export CLASS_FILE_DIR\=/Users/RomanBootman/android/moe-samples-java/InAppPurchase/ios/build/moe/xcodebuild/obj/InAppPurchase.build/Debug-iphonesimulator/InAppPurchase.build/JavaClasses
    export CLEAN_PRECOMPS\=YES
    export CLONE_HEADERS\=NO
    export CODESIGNING_FOLDER_PATH\=/Users/RomanBootman/android/moe-samples-java/InAppPurchase/ios/build/moe/xcodebuild/Debug-iphonesimulator/InAppPurchase.app
    export CODE_SIGNING_ALLOWED\=YES
    export CODE_SIGNING_REQUIRED\=YES
    export CODE_SIGN_CONTEXT_CLASS\=XCiPhoneSimulatorCodeSignContext
    export CODE_SIGN_IDENTITY\=-
    export CODE_SIGN_INJECT_BASE_ENTITLEMENTS\=YES
    export COLOR_DIAGNOSTICS\=NO
    export COMBINE_HIDPI_IMAGES\=NO
    export COMPILER_INDEX_STORE_ENABLE\=Default
    export COMPOSITE_SDK_DIRS\=/Users/RomanBootman/android/moe-samples-java/InAppPurchase/ios/build/moe/xcodebuild/obj/CompositeSDKs
    export COMPRESS_PNG_FILES\=YES
    export CONFIGURATION\=Debug
    export CONFIGURATION_BUILD_DIR\=/Users/RomanBootman/android/moe-samples-java/InAppPurchase/ios/build/moe/xcodebuild/Debug-iphonesimulator
    export CONFIGURATION_TEMP_DIR\=/Users/RomanBootman/android/moe-samples-java/InAppPurchase/ios/build/moe/xcodebuild/obj/InAppPurchase.build/Debug-iphonesimulator
    export CONTENTS_FOLDER_PATH\=InAppPurchase.app
    export COPYING_PRESERVES_HFS_DATA\=NO
    export COPY_HEADERS_RUN_UNIFDEF\=NO
    export COPY_PHASE_STRIP\=NO
    export COPY_RESOURCES_FROM_STATIC_FRAMEWORKS\=YES
    export CORRESPONDING_DEVICE_PLATFORM_DIR\=/Applications/Xcode.app/Contents/Developer/Platforms/iPhoneOS.platform
    export CORRESPONDING_DEVICE_PLATFORM_NAME\=iphoneos
    export CORRESPONDING_DEVICE_SDK_DIR\=/Applications/Xcode.app/Contents/Developer/Platforms/iPhoneOS.platform/Developer/SDKs/iPhoneOS15.2.sdk
    export CORRESPONDING_DEVICE_SDK_NAME\=iphoneos15.2
    export CP\=/bin/cp
    export CREATE_INFOPLIST_SECTION_IN_BINARY\=NO
    export CURRENT_ARCH\=undefined_arch
    export CURRENT_VARIANT\=normal
    export DEAD_CODE_STRIPPING\=NO
    export DEBUGGING_SYMBOLS\=YES
    export DEBUG_INFORMATION_FORMAT\=dwarf-with-dsym
    export DEFAULT_COMPILER\=com.apple.compilers.llvm.clang.1_0
    export DEFAULT_DEXT_INSTALL_PATH\=/System/Library/DriverExtensions
    export DEFAULT_KEXT_INSTALL_PATH\=/System/Library/Extensions
    export DEFINES_MODULE\=NO
    export DEPLOYMENT_LOCATION\=NO
    export DEPLOYMENT_POSTPROCESSING\=NO
    export DEPLOYMENT_TARGET_CLANG_ENV_NAME\=IPHONEOS_DEPLOYMENT_TARGET
    export DEPLOYMENT_TARGET_CLANG_FLAG_NAME\=mios-simulator-version-min
    export DEPLOYMENT_TARGET_CLANG_FLAG_PREFIX\=-mios-simulator-version-min\=
    export DEPLOYMENT_TARGET_LD_ENV_NAME\=IPHONEOS_DEPLOYMENT_TARGET
    export DEPLOYMENT_TARGET_LD_FLAG_NAME\=ios_simulator_version_min
    export DEPLOYMENT_TARGET_SETTING_NAME\=IPHONEOS_DEPLOYMENT_TARGET
    export DEPLOYMENT_TARGET_SUGGESTED_VALUES\=9.0\ 9.1\ 9.2\ 9.3\ 10.0\ 10.1\ 10.2\ 10.3\ 11.0\ 11.1\ 11.2\ 11.3\ 11.4\ 12.0\ 12.1\ 12.2\ 12.3\ 12.4\ 13.0\ 13.1\ 13.2\ 13.3\ 13.4\ 13.5\ 13.6\ 14.0\ 14.1\ 14.2\ 14.3\ 14.4\ 14.5\ 14.6\ 14.7\ 15.0\ 15.1\ 15.2
    export DERIVED_FILES_DIR\=/Users/RomanBootman/android/moe-samples-java/InAppPurchase/ios/build/moe/xcodebuild/obj/InAppPurchase.build/Debug-iphonesimulator/InAppPurchase.build/DerivedSources
    export DERIVED_FILE_DIR\=/Users/RomanBootman/android/moe-samples-java/InAppPurchase/ios/build/moe/xcodebuild/obj/InAppPurchase.build/Debug-iphonesimulator/InAppPurchase.build/DerivedSources
    export DERIVED_SOURCES_DIR\=/Users/RomanBootman/android/moe-samples-java/InAppPurchase/ios/build/moe/xcodebuild/obj/InAppPurchase.build/Debug-iphonesimulator/InAppPurchase.build/DerivedSources
    export DEVELOPER_APPLICATIONS_DIR\=/Applications/Xcode.app/Contents/Developer/Applications
    export DEVELOPER_BIN_DIR\=/Applications/Xcode.app/Contents/Developer/usr/bin
    export DEVELOPER_DIR\=/Applications/Xcode.app/Contents/Developer
    export DEVELOPER_FRAMEWORKS_DIR\=/Applications/Xcode.app/Contents/Developer/Library/Frameworks
    export DEVELOPER_FRAMEWORKS_DIR_QUOTED\=/Applications/Xcode.app/Contents/Developer/Library/Frameworks
    export DEVELOPER_LIBRARY_DIR\=/Applications/Xcode.app/Contents/Developer/Library
    export DEVELOPER_SDK_DIR\=/Applications/Xcode.app/Contents/Developer/Platforms/MacOSX.platform/Developer/SDKs
    export DEVELOPER_TOOLS_DIR\=/Applications/Xcode.app/Contents/Developer/Tools
    export DEVELOPER_USR_DIR\=/Applications/Xcode.app/Contents/Developer/usr
    export DEVELOPMENT_LANGUAGE\=English
    export DOCUMENTATION_FOLDER_PATH\=InAppPurchase.app/English.lproj/Documentation
    export DONT_GENERATE_INFOPLIST_FILE\=NO
    export DO_HEADER_SCANNING_IN_JAM\=NO
    export DSTROOT\=/Users/RomanBootman/android/moe-samples-java/InAppPurchase/ios/build/moe/xcodebuild/dst
    export DT_TOOLCHAIN_DIR\=/Applications/Xcode.app/Contents/Developer/Toolchains/XcodeDefault.xctoolchain
    export DWARF_DSYM_FILE_NAME\=InAppPurchase.app.dSYM
    export DWARF_DSYM_FILE_SHOULD_ACCOMPANY_PRODUCT\=NO
    export DWARF_DSYM_FOLDER_PATH\=/Users/RomanBootman/android/moe-samples-java/InAppPurchase/ios/build/moe/xcodebuild/Debug-iphonesimulator
    export EFFECTIVE_PLATFORM_NAME\=-iphonesimulator
    export EMBEDDED_CONTENT_CONTAINS_SWIFT\=NO
    export EMBED_ASSET_PACKS_IN_PRODUCT_BUNDLE\=NO
    export ENABLE_APP_SANDBOX\=NO
    export ENABLE_BITCODE\=NO
    export ENABLE_DEFAULT_HEADER_SEARCH_PATHS\=YES
    export ENABLE_HARDENED_RUNTIME\=NO
    export ENABLE_HEADER_DEPENDENCIES\=YES
    export ENABLE_ON_DEMAND_RESOURCES\=YES
    export ENABLE_PREVIEWS\=NO
    export ENABLE_STRICT_OBJC_MSGSEND\=YES
    export ENABLE_TESTABILITY\=NO
    export ENABLE_TESTING_SEARCH_PATHS\=NO
    export ENTITLEMENTS_DESTINATION\=__entitlements
    export ENTITLEMENTS_REQUIRED\=YES
    export EXCLUDED_ARCHS\=i386
    export EXCLUDED_INSTALLSRC_SUBDIRECTORY_PATTERNS\=.DS_Store\ .svn\ .git\ .hg\ CVS
    export EXCLUDED_RECURSIVE_SEARCH_PATH_SUBDIRECTORIES\=\*.nib\ \*.lproj\ \*.framework\ \*.gch\ \*.xcode\*\ \*.xcassets\ \(\*\)\ .DS_Store\ CVS\ .svn\ .git\ .hg\ \*.pbproj\ \*.pbxproj
    export EXECUTABLES_FOLDER_PATH\=InAppPurchase.app/Executables
    export EXECUTABLE_FOLDER_PATH\=InAppPurchase.app
    export EXECUTABLE_NAME\=InAppPurchase
    export EXECUTABLE_PATH\=InAppPurchase.app/InAppPurchase
    export EXPANDED_CODE_SIGN_IDENTITY\=-
    export EXPANDED_CODE_SIGN_IDENTITY_NAME\=-
    export FILE_LIST\=/Users/RomanBootman/android/moe-samples-java/InAppPurchase/ios/build/moe/xcodebuild/obj/InAppPurchase.build/Debug-iphonesimulator/InAppPurchase.build/Objects/LinkFileList
    export FIXED_FILES_DIR\=/Users/RomanBootman/android/moe-samples-java/InAppPurchase/ios/build/moe/xcodebuild/obj/InAppPurchase.build/Debug-iphonesimulator/InAppPurchase.build/FixedFiles
    export FRAMEWORKS_FOLDER_PATH\=InAppPurchase.app/Frameworks
    export FRAMEWORK_FLAG_PREFIX\=-framework
    export FRAMEWORK_SEARCH_PATHS\=/Users/RomanBootman/android/moe-samples-java/InAppPurchase/ios/build/moe/xcodebuild/Debug-iphonesimulator\ \ /Users/RomanBootman/android/moe-samples-java/InAppPurchase/ios/xcode/..//build/moe/sdk/sdk/iphonesimulator\ /Users/RomanBootman/android/moe-samples-java/InAppPurchase/ios/xcode/..//build/moe/sdk/sdk/iphonesimulator
    export FRAMEWORK_VERSION\=A
    export FULL_PRODUCT_NAME\=InAppPurchase.app
    export GCC3_VERSION\=3.3
    export GCC_C_LANGUAGE_STANDARD\=gnu99
    export GCC_DYNAMIC_NO_PIC\=NO
    export GCC_INLINES_ARE_PRIVATE_EXTERN\=YES
    export GCC_OBJC_LEGACY_DISPATCH\=YES
    export GCC_OPTIMIZATION_LEVEL\=0
    export GCC_PFE_FILE_C_DIALECTS\=c\ objective-c\ c++\ objective-c++
    export GCC_PREPROCESSOR_DEFINITIONS\=DEBUG\=1\ 
    export GCC_SYMBOLS_PRIVATE_EXTERN\=NO
    export GCC_TREAT_WARNINGS_AS_ERRORS\=NO
    export GCC_VERSION\=com.apple.compilers.llvm.clang.1_0
    export GCC_VERSION_IDENTIFIER\=com_apple_compilers_llvm_clang_1_0
    export GCC_WARN_64_TO_32_BIT_CONVERSION\=YES
    export GCC_WARN_ABOUT_RETURN_TYPE\=YES_ERROR
    export GCC_WARN_UNDECLARED_SELECTOR\=YES
    export GCC_WARN_UNINITIALIZED_AUTOS\=YES_AGGRESSIVE
    export GCC_WARN_UNUSED_FUNCTION\=YES
    export GCC_WARN_UNUSED_VARIABLE\=YES
    export GENERATED_MODULEMAP_DIR\=/Users/RomanBootman/android/moe-samples-java/InAppPurchase/ios/build/moe/xcodebuild/obj/GeneratedModuleMaps-iphonesimulator
    export GENERATE_INFOPLIST_FILE\=NO
    export GENERATE_MASTER_OBJECT_FILE\=NO
    export GENERATE_PKGINFO_FILE\=YES
    export GENERATE_PROFILING_CODE\=NO
    export GENERATE_TEXT_BASED_STUBS\=NO
    export GID\=20
    export GROUP\=staff
    export HEADERMAP_INCLUDES_FLAT_ENTRIES_FOR_TARGET_BEING_BUILT\=YES
    export HEADERMAP_INCLUDES_FRAMEWORK_ENTRIES_FOR_ALL_PRODUCT_TYPES\=YES
    export HEADERMAP_INCLUDES_NONPUBLIC_NONPRIVATE_HEADERS\=YES
    export HEADERMAP_INCLUDES_PROJECT_HEADERS\=YES
    export HEADERMAP_USES_FRAMEWORK_PREFIX_ENTRIES\=YES
    export HEADERMAP_USES_VFS\=NO
    export HEADER_SEARCH_PATHS\=/Users/RomanBootman/android/moe-samples-java/InAppPurchase/ios/build/moe/xcodebuild/Debug-iphonesimulator/include\ 
    export HIDE_BITCODE_SYMBOLS\=YES
    export HOME\=/Users/RomanBootman
    export ICONV\=/usr/bin/iconv
    export INFOPLIST_EXPAND_BUILD_SETTINGS\=YES
    export INFOPLIST_FILE\=InAppPurchase/Info.plist
    export INFOPLIST_OUTPUT_FORMAT\=binary
    export INFOPLIST_PATH\=InAppPurchase.app/Info.plist
    export INFOPLIST_PREPROCESS\=NO
    export INFOSTRINGS_PATH\=InAppPurchase.app/English.lproj/InfoPlist.strings
    export INLINE_PRIVATE_FRAMEWORKS\=NO
    export INSTALLHDRS_COPY_PHASE\=NO
    export INSTALLHDRS_SCRIPT_PHASE\=NO
    export INSTALL_DIR\=/Users/RomanBootman/android/moe-samples-java/InAppPurchase/ios/build/moe/xcodebuild/dst/Applications
    export INSTALL_GROUP\=staff
    export INSTALL_MODE_FLAG\=u+w,go-w,a+rX
    export INSTALL_OWNER\=RomanBootman
    export INSTALL_PATH\=/Applications
    export INSTALL_ROOT\=/Users/RomanBootman/android/moe-samples-java/InAppPurchase/ios/build/moe/xcodebuild/dst
    export IPHONEOS_DEPLOYMENT_TARGET\=9.0
    export JAVAC_DEFAULT_FLAGS\=-J-Xms64m\ -J-XX:NewSize\=4M\ -J-Dfile.encoding\=UTF8
    export JAVA_APP_STUB\=/System/Library/Frameworks/JavaVM.framework/Resources/MacOS/JavaApplicationStub
    export JAVA_ARCHIVE_CLASSES\=YES
    export JAVA_ARCHIVE_TYPE\=JAR
    export JAVA_COMPILER\=/usr/bin/javac
    export JAVA_FOLDER_PATH\=InAppPurchase.app/Java
    export JAVA_FRAMEWORK_RESOURCES_DIRS\=Resources
    export JAVA_JAR_FLAGS\=cv
    export JAVA_SOURCE_SUBDIR\=.
    export JAVA_USE_DEPENDENCIES\=YES
    export JAVA_ZIP_FLAGS\=-urg
    export JIKES_DEFAULT_FLAGS\=+E\ +OLDCSO
    export KEEP_PRIVATE_EXTERNS\=NO
    export LD_DEPENDENCY_INFO_FILE\=/Users/RomanBootman/android/moe-samples-java/InAppPurchase/ios/build/moe/xcodebuild/obj/InAppPurchase.build/Debug-iphonesimulator/InAppPurchase.build/Objects-normal/undefined_arch/InAppPurchase_dependency_info.dat
    export LD_ENTITLEMENTS_SECTION\=/Users/RomanBootman/android/moe-samples-java/InAppPurchase/ios/build/moe/xcodebuild/obj/InAppPurchase.build/Debug-iphonesimulator/InAppPurchase.build/InAppPurchase.app-Simulated.xcent
    export LD_GENERATE_MAP_FILE\=NO
    export LD_MAP_FILE_PATH\=/Users/RomanBootman/android/moe-samples-java/InAppPurchase/ios/build/moe/xcodebuild/obj/InAppPurchase.build/Debug-iphonesimulator/InAppPurchase.build/InAppPurchase-LinkMap-normal-undefined_arch.txt
    export LD_NO_PIE\=NO
    export LD_QUOTE_LINKER_ARGUMENTS_FOR_COMPILER_DRIVER\=YES
    export LD_RUNPATH_SEARCH_PATHS\=\ @executable_path/Frameworks\ @executable_path/Frameworks
    export LEGACY_DEVELOPER_DIR\=/Applications/Xcode.app/Contents/PlugIns/Xcode3Core.ideplugin/Contents/SharedSupport/Developer
    export LEX\=lex
    export LIBRARY_DEXT_INSTALL_PATH\=/Library/DriverExtensions
    export LIBRARY_FLAG_NOSPACE\=YES
    export LIBRARY_FLAG_PREFIX\=-l
    export LIBRARY_KEXT_INSTALL_PATH\=/Library/Extensions
    export LIBRARY_SEARCH_PATHS\=/Users/RomanBootman/android/moe-samples-java/InAppPurchase/ios/build/moe/xcodebuild/Debug-iphonesimulator\ 
    export LINKER_DISPLAYS_MANGLED_NAMES\=NO
    export LINK_FILE_LIST_normal_x86_64\=/Users/RomanBootman/android/moe-samples-java/InAppPurchase/ios/build/moe/xcodebuild/obj/InAppPurchase.build/Debug-iphonesimulator/InAppPurchase.build/Objects-normal/x86_64/InAppPurchase.LinkFileList
    export LINK_WITH_STANDARD_LIBRARIES\=YES
    export LLVM_TARGET_TRIPLE_OS_VERSION\=ios9.0
    export LLVM_TARGET_TRIPLE_SUFFIX\=-simulator
    export LLVM_TARGET_TRIPLE_VENDOR\=apple
    export LOCALIZATION_EXPORT_SUPPORTED\=YES
    export LOCALIZED_RESOURCES_FOLDER_PATH\=InAppPurchase.app/English.lproj
    export LOCALIZED_STRING_MACRO_NAMES\=NSLocalizedString\ CFCopyLocalizedString
    export LOCALIZED_STRING_SWIFTUI_SUPPORT\=YES
    export LOCAL_ADMIN_APPS_DIR\=/Applications/Utilities
    export LOCAL_APPS_DIR\=/Applications
    export LOCAL_DEVELOPER_DIR\=/Library/Developer
    export LOCAL_LIBRARY_DIR\=/Library
    export LOCROOT\=/Users/RomanBootman/android/moe-samples-java/InAppPurchase/ios/xcode
    export LOCSYMROOT\=/Users/RomanBootman/android/moe-samples-java/InAppPurchase/ios/xcode
    export MACH_O_TYPE\=mh_execute
    export MAC_OS_X_PRODUCT_BUILD_VERSION\=20G1116
    export MAC_OS_X_VERSION_ACTUAL\=110703
    export MAC_OS_X_VERSION_MAJOR\=110000
    export MAC_OS_X_VERSION_MINOR\=110700
    export METAL_LIBRARY_FILE_BASE\=default
    export METAL_LIBRARY_OUTPUT_DIR\=/Users/RomanBootman/android/moe-samples-java/InAppPurchase/ios/build/moe/xcodebuild/Debug-iphonesimulator/InAppPurchase.app
    export MODULES_FOLDER_PATH\=InAppPurchase.app/Modules
    export MOE_COPY_ANDROID_CACERTS\=NO
    export MOE_CUSTOM_DYNAMIC_FRAMEWORK_PATH\=/Users/RomanBootman/android/moe-samples-java/InAppPurchase/ios/xcode/..//build/libs/dynamic/iphonesimulator
    export MOE_CUSTOM_OTHER_LDFLAGS\=-framework\ Foundation\ -framework\ UIKit\ -L/Users/RomanBootman/android/moe-samples-java/InAppPurchase/ios/xcode/..//build/libs/static\ -L/Users/RomanBootman/android/moe-samples-java/InAppPurchase/ios/xcode/..//build/libs/static/iphonesimulator\ -F/Users/RomanBootman/android/moe-samples-java/InAppPurchase/ios/xcode/..//build/libs/static\ -F/Users/RomanBootman/android/moe-samples-java/InAppPurchase/ios/xcode/..//build/libs/static/iphonesimulator\ -F/Users/RomanBootman/android/moe-samples-java/InAppPurchase/ios/xcode/..//build/libs/dynamic\ -F/Users/RomanBootman/android/moe-samples-java/InAppPurchase/ios/xcode/..//build/libs/dynamic/iphonesimulator
    export MOE_CUSTOM_STATIC_FRAMEWORK_PATH\=/Users/RomanBootman/android/moe-samples-java/InAppPurchase/ios/xcode/..//build/libs/static/iphonesimulator
    export MOE_FRAMEWORK_PATH\=/Users/RomanBootman/android/moe-samples-java/InAppPurchase/ios/xcode/..//build/moe/sdk/sdk/iphonesimulator
    export MOE_GRADLE_EXTERNAL_BUILD\=YES
    export MOE_OTHER_LDFLAGS\=-sectcreate\ __OATDATA\ __oatdata\ \"/Users/RomanBootman/android/moe-samples-java/InAppPurchase/ios/xcode/..//build/moe/main/xcode/Debug-iphonesimulator/undefined_arch.oat\"\ -sectcreate\ __ARTDATA\ __artdata\ \"/Users/RomanBootman/android/moe-samples-java/InAppPurchase/ios/xcode/..//build/moe/main/xcode/Debug-iphonesimulator/undefined_arch.art\"\ -segprot\ __OATDATA\ rx\ rx\ -segprot\ __ARTDATA\ rw\ rw\ \ -framework\ Foundation\ -framework\ UIKit\ -L/Users/RomanBootman/android/moe-samples-java/InAppPurchase/ios/xcode/..//build/libs/static\ -L/Users/RomanBootman/android/moe-samples-java/InAppPurchase/ios/xcode/..//build/libs/static/iphonesimulator\ -F/Users/RomanBootman/android/moe-samples-java/InAppPurchase/ios/xcode/..//build/libs/static\ -F/Users/RomanBootman/android/moe-samples-java/InAppPurchase/ios/xcode/..//build/libs/static/iphonesimulator\ -F/Users/RomanBootman/android/moe-samples-java/InAppPurchase/ios/xcode/..//build/libs/dynamic\ -F/Users/RomanBootman/android/moe-samples-java/InAppPurchase/ios/xcode/..//build/libs/dynamic/iphonesimulator\ -lc++\ -framework\ MOE
    export MOE_PROJECT_BUILD_DIR\=/Users/RomanBootman/android/moe-samples-java/InAppPurchase/ios/xcode/..//build
    export MOE_PROJECT_DIR\=/Users/RomanBootman/android/moe-samples-java/InAppPurchase/ios/xcode/../
    export MOE_SDK_PATH\=/Users/RomanBootman/android/moe-samples-java/InAppPurchase/ios/xcode/..//build/moe/sdk
    export MOE_SECT_ART\=-sectcreate\ __ARTDATA\ __artdata\ \"/Users/RomanBootman/android/moe-samples-java/InAppPurchase/ios/xcode/..//build/moe/main/xcode/Debug-iphonesimulator/undefined_arch.art\"
    export MOE_SECT_OAT\=-sectcreate\ __OATDATA\ __oatdata\ \"/Users/RomanBootman/android/moe-samples-java/InAppPurchase/ios/xcode/..//build/moe/main/xcode/Debug-iphonesimulator/undefined_arch.oat\"
    export MOE_SEGPROT\=-segprot\ __OATDATA\ rx\ rx\ -segprot\ __ARTDATA\ rw\ rw
    export MOE_VERSION\=1.8.0
    export MTL_ENABLE_DEBUG_INFO\=YES
    export NATIVE_ARCH\=x86_64
    export NATIVE_ARCH_32_BIT\=i386
    export NATIVE_ARCH_64_BIT\=x86_64
    export NATIVE_ARCH_ACTUAL\=x86_64
    export NO_COMMON\=YES
    export OBJC_ABI_VERSION\=2
    export OBJECT_FILE_DIR\=/Users/RomanBootman/android/moe-samples-java/InAppPurchase/ios/build/moe/xcodebuild/obj/InAppPurchase.build/Debug-iphonesimulator/InAppPurchase.build/Objects
    export OBJECT_FILE_DIR_normal\=/Users/RomanBootman/android/moe-samples-java/InAppPurchase/ios/build/moe/xcodebuild/obj/InAppPurchase.build/Debug-iphonesimulator/InAppPurchase.build/Objects-normal
    export OBJROOT\=/Users/RomanBootman/android/moe-samples-java/InAppPurchase/ios/build/moe/xcodebuild/obj
    export ONLY_ACTIVE_ARCH\=NO
    export OS\=MACOS
    export OSAC\=/usr/bin/osacompile
    export OTHER_LDFLAGS\=-sectcreate\ __OATDATA\ __oatdata\ \"/Users/RomanBootman/android/moe-samples-java/InAppPurchase/ios/xcode/..//build/moe/main/xcode/Debug-iphonesimulator/undefined_arch.oat\"\ -sectcreate\ __ARTDATA\ __artdata\ \"/Users/RomanBootman/android/moe-samples-java/InAppPurchase/ios/xcode/..//build/moe/main/xcode/Debug-iphonesimulator/undefined_arch.art\"\ -segprot\ __OATDATA\ rx\ rx\ -segprot\ __ARTDATA\ rw\ rw\ \ -framework\ Foundation\ -framework\ UIKit\ -L/Users/RomanBootman/android/moe-samples-java/InAppPurchase/ios/xcode/..//build/libs/static\ -L/Users/RomanBootman/android/moe-samples-java/InAppPurchase/ios/xcode/..//build/libs/static/iphonesimulator\ -F/Users/RomanBootman/android/moe-samples-java/InAppPurchase/ios/xcode/..//build/libs/static\ -F/Users/RomanBootman/android/moe-samples-java/InAppPurchase/ios/xcode/..//build/libs/static/iphonesimulator\ -F/Users/RomanBootman/android/moe-samples-java/InAppPurchase/ios/xcode/..//build/libs/dynamic\ -F/Users/RomanBootman/android/moe-samples-java/InAppPurchase/ios/xcode/..//build/libs/dynamic/iphonesimulator\ -lc++\ -framework\ MOE\ 
    export PACKAGE_TYPE\=com.apple.package-type.wrapper.application
    export PASCAL_STRINGS\=YES
    export PATH\=/Applications/Xcode.app/Contents/Developer/Toolchains/XcodeDefault.xctoolchain/usr/bin:/Applications/Xcode.app/Contents/Developer/Toolchains/XcodeDefault.xctoolchain/usr/local/bin:/Applications/Xcode.app/Contents/Developer/Toolchains/XcodeDefault.xctoolchain/usr/libexec:/Applications/Xcode.app/Contents/Developer/Platforms/iPhoneSimulator.platform/usr/bin:/Applications/Xcode.app/Contents/Developer/Platforms/iPhoneSimulator.platform/usr/local/bin:/Applications/Xcode.app/Contents/Developer/Platforms/iPhoneSimulator.platform/Developer/usr/bin:/Applications/Xcode.app/Contents/Developer/Platforms/iPhoneSimulator.platform/Developer/usr/local/bin:/Applications/Xcode.app/Contents/Developer/usr/bin:/Applications/Xcode.app/Contents/Developer/usr/local/bin:/usr/local/bin:/usr/bin:/bin:/usr/sbin:/sbin:/opt/minicom/current/bin:/opt/apache-ant-1.10.6/bin:/Library/Apple/usr/bin:/Users/RomanBootman/Library/Android/sdk/platform-tools/
    export PATH_PREFIXES_EXCLUDED_FROM_HEADER_DEPENDENCIES\=/usr/include\ /usr/local/include\ /System/Library/Frameworks\ /System/Library/PrivateFrameworks\ /Applications/Xcode.app/Contents/Developer/Headers\ /Applications/Xcode.app/Contents/Developer/SDKs\ /Applications/Xcode.app/Contents/Developer/Platforms
    export PBDEVELOPMENTPLIST_PATH\=InAppPurchase.app/pbdevelopment.plist
    export PER_ARCH_OBJECT_FILE_DIR\=/Users/RomanBootman/android/moe-samples-java/InAppPurchase/ios/build/moe/xcodebuild/obj/InAppPurchase.build/Debug-iphonesimulator/InAppPurchase.build/Objects-normal/undefined_arch
    export PER_VARIANT_OBJECT_FILE_DIR\=/Users/RomanBootman/android/moe-samples-java/InAppPurchase/ios/build/moe/xcodebuild/obj/InAppPurchase.build/Debug-iphonesimulator/InAppPurchase.build/Objects-normal
    export PKGINFO_FILE_PATH\=/Users/RomanBootman/android/moe-samples-java/InAppPurchase/ios/build/moe/xcodebuild/obj/InAppPurchase.build/Debug-iphonesimulator/InAppPurchase.build/PkgInfo
    export PKGINFO_PATH\=InAppPurchase.app/PkgInfo
    export PLATFORM_DEVELOPER_APPLICATIONS_DIR\=/Applications/Xcode.app/Contents/Developer/Platforms/iPhoneSimulator.platform/Developer/Applications
    export PLATFORM_DEVELOPER_BIN_DIR\=/Applications/Xcode.app/Contents/Developer/Platforms/iPhoneSimulator.platform/Developer/usr/bin
    export PLATFORM_DEVELOPER_LIBRARY_DIR\=/Applications/Xcode.app/Contents/Developer/Platforms/iPhoneSimulator.platform/Developer/Library
    export PLATFORM_DEVELOPER_SDK_DIR\=/Applications/Xcode.app/Contents/Developer/Platforms/iPhoneSimulator.platform/Developer/SDKs
    export PLATFORM_DEVELOPER_TOOLS_DIR\=/Applications/Xcode.app/Contents/Developer/Platforms/iPhoneSimulator.platform/Developer/Tools
    export PLATFORM_DEVELOPER_USR_DIR\=/Applications/Xcode.app/Contents/Developer/Platforms/iPhoneSimulator.platform/Developer/usr
    export PLATFORM_DIR\=/Applications/Xcode.app/Contents/Developer/Platforms/iPhoneSimulator.platform
    export PLATFORM_DISPLAY_NAME\=iOS\ Simulator
    export PLATFORM_FAMILY_NAME\=iOS
    export PLATFORM_NAME\=iphonesimulator
    export PLATFORM_PREFERRED_ARCH\=x86_64
    export PLATFORM_PRODUCT_BUILD_VERSION\=19C51
    export PLIST_FILE_OUTPUT_FORMAT\=binary
    export PLUGINS_FOLDER_PATH\=InAppPurchase.app/PlugIns
    export PRECOMPS_INCLUDE_HEADERS_FROM_BUILT_PRODUCTS_DIR\=YES
    export PRECOMP_DESTINATION_DIR\=/Users/RomanBootman/android/moe-samples-java/InAppPurchase/ios/build/moe/xcodebuild/obj/InAppPurchase.build/Debug-iphonesimulator/InAppPurchase.build/PrefixHeaders
    export PRESERVE_DEAD_CODE_INITS_AND_TERMS\=NO
    export PRIVATE_HEADERS_FOLDER_PATH\=InAppPurchase.app/PrivateHeaders
    export PRODUCT_BUNDLE_PACKAGE_TYPE\=APPL
    export PRODUCT_MODULE_NAME\=InAppPurchase
    export PRODUCT_NAME\=InAppPurchase
    export PRODUCT_SETTINGS_PATH\=/Users/RomanBootman/android/moe-samples-java/InAppPurchase/ios/xcode/InAppPurchase/Info.plist
    export PRODUCT_TYPE\=com.apple.product-type.application
    export PROFILING_CODE\=NO
    export PROJECT\=InAppPurchase
    export PROJECT_DERIVED_FILE_DIR\=/Users/RomanBootman/android/moe-samples-java/InAppPurchase/ios/build/moe/xcodebuild/obj/InAppPurchase.build/DerivedSources
    export PROJECT_DIR\=/Users/RomanBootman/android/moe-samples-java/InAppPurchase/ios/xcode
    export PROJECT_FILE_PATH\=/Users/RomanBootman/android/moe-samples-java/InAppPurchase/ios/xcode/InAppPurchase.xcodeproj
    export PROJECT_NAME\=InAppPurchase
    export PROJECT_TEMP_DIR\=/Users/RomanBootman/android/moe-samples-java/InAppPurchase/ios/build/moe/xcodebuild/obj/InAppPurchase.build
    export PROJECT_TEMP_ROOT\=/Users/RomanBootman/android/moe-samples-java/InAppPurchase/ios/build/moe/xcodebuild/obj
    export PUBLIC_HEADERS_FOLDER_PATH\=InAppPurchase.app/Headers
    export RECURSIVE_SEARCH_PATHS_FOLLOW_SYMLINKS\=YES
    export REMOVE_CVS_FROM_RESOURCES\=YES
    export REMOVE_GIT_FROM_RESOURCES\=YES
    export REMOVE_HEADERS_FROM_EMBEDDED_BUNDLES\=YES
    export REMOVE_HG_FROM_RESOURCES\=YES
    export REMOVE_SVN_FROM_RESOURCES\=YES
    export REZ_COLLECTOR_DIR\=/Users/RomanBootman/android/moe-samples-java/InAppPurchase/ios/build/moe/xcodebuild/obj/InAppPurchase.build/Debug-iphonesimulator/InAppPurchase.build/ResourceManagerResources
    export REZ_OBJECTS_DIR\=/Users/RomanBootman/android/moe-samples-java/InAppPurchase/ios/build/moe/xcodebuild/obj/InAppPurchase.build/Debug-iphonesimulator/InAppPurchase.build/ResourceManagerResources/Objects
    export REZ_SEARCH_PATHS\=/Users/RomanBootman/android/moe-samples-java/InAppPurchase/ios/build/moe/xcodebuild/Debug-iphonesimulator\ 
    export SCAN_ALL_SOURCE_FILES_FOR_INCLUDES\=NO
    export SCRIPTS_FOLDER_PATH\=InAppPurchase.app/Scripts
    export SCRIPT_INPUT_FILE_COUNT\=0
    export SCRIPT_INPUT_FILE_LIST_COUNT\=0
    export SCRIPT_OUTPUT_FILE_COUNT\=0
    export SCRIPT_OUTPUT_FILE_LIST_COUNT\=0
    export SDKROOT\=/Applications/Xcode.app/Contents/Developer/Platforms/iPhoneSimulator.platform/Developer/SDKs/iPhoneSimulator15.2.sdk
    export SDK_DIR\=/Applications/Xcode.app/Contents/Developer/Platforms/iPhoneSimulator.platform/Developer/SDKs/iPhoneSimulator15.2.sdk
    export SDK_DIR_iphonesimulator\=/Applications/Xcode.app/Contents/Developer/Platforms/iPhoneSimulator.platform/Developer/SDKs/iPhoneSimulator15.2.sdk
    export SDK_DIR_iphonesimulator15_2\=/Applications/Xcode.app/Contents/Developer/Platforms/iPhoneSimulator.platform/Developer/SDKs/iPhoneSimulator15.2.sdk
    export SDK_NAME\=iphonesimulator15.2
    export SDK_NAMES\=iphonesimulator15.2
    export SDK_PRODUCT_BUILD_VERSION\=19C51
    export SDK_VERSION\=15.2
    export SDK_VERSION_ACTUAL\=150200
    export SDK_VERSION_MAJOR\=150000
    export SDK_VERSION_MINOR\=150200
    export SED\=/usr/bin/sed
    export SEPARATE_STRIP\=NO
    export SEPARATE_SYMBOL_EDIT\=NO
    export SET_DIR_MODE_OWNER_GROUP\=YES
    export SET_FILE_MODE_OWNER_GROUP\=NO
    export SHALLOW_BUNDLE\=YES
    export SHARED_DERIVED_FILE_DIR\=/Users/RomanBootman/android/moe-samples-java/InAppPurchase/ios/build/moe/xcodebuild/Debug-iphonesimulator/DerivedSources
    export SHARED_FRAMEWORKS_FOLDER_PATH\=InAppPurchase.app/SharedFrameworks
    export SHARED_PRECOMPS_DIR\=/Users/RomanBootman/android/moe-samples-java/InAppPurchase/ios/build/moe/xcodebuild/shared_precomps
    export SHARED_SUPPORT_FOLDER_PATH\=InAppPurchase.app/SharedSupport
    export SKIP_INSTALL\=NO
    export SOURCE_ROOT\=/Users/RomanBootman/android/moe-samples-java/InAppPurchase/ios/xcode
    export SRCROOT\=/Users/RomanBootman/android/moe-samples-java/InAppPurchase/ios/xcode
    export STRINGSDATA_DIR\=/Users/RomanBootman/android/moe-samples-java/InAppPurchase/ios/build/moe/xcodebuild/obj/InAppPurchase.build/Debug-iphonesimulator/InAppPurchase.build/Objects-normal/undefined_arch
    export STRINGSDATA_ROOT\=/Users/RomanBootman/android/moe-samples-java/InAppPurchase/ios/build/moe/xcodebuild/obj/InAppPurchase.build/Debug-iphonesimulator/InAppPurchase.build
    export STRINGS_FILE_INFOPLIST_RENAME\=YES
    export STRINGS_FILE_OUTPUT_ENCODING\=binary
    export STRIP_BITCODE_FROM_COPIED_FILES\=NO
    export STRIP_INSTALLED_PRODUCT\=YES
    export STRIP_STYLE\=non-global
    export STRIP_SWIFT_SYMBOLS\=YES
    export SUPPORTED_DEVICE_FAMILIES\=1,2
    export SUPPORTED_PLATFORMS\=iphoneos\ iphonesimulator
    export SUPPORTS_TEXT_BASED_API\=NO
    export SWIFT_EMIT_LOC_STRINGS\=NO
    export SWIFT_PLATFORM_TARGET_PREFIX\=ios
    export SWIFT_RESPONSE_FILE_PATH_normal_x86_64\=/Users/RomanBootman/android/moe-samples-java/InAppPurchase/ios/build/moe/xcodebuild/obj/InAppPurchase.build/Debug-iphonesimulator/InAppPurchase.build/Objects-normal/x86_64/InAppPurchase.SwiftFileList
    export SYMROOT\=/Users/RomanBootman/android/moe-samples-java/InAppPurchase/ios/build/moe/xcodebuild
    export SYSTEM_ADMIN_APPS_DIR\=/Applications/Utilities
    export SYSTEM_APPS_DIR\=/Applications
    export SYSTEM_CORE_SERVICES_DIR\=/System/Library/CoreServices
    export SYSTEM_DEMOS_DIR\=/Applications/Extras
    export SYSTEM_DEVELOPER_APPS_DIR\=/Applications/Xcode.app/Contents/Developer/Applications
    export SYSTEM_DEVELOPER_BIN_DIR\=/Applications/Xcode.app/Contents/Developer/usr/bin
    export SYSTEM_DEVELOPER_DEMOS_DIR\=/Applications/Xcode.app/Contents/Developer/Applications/Utilities/Built\ Examples
    export SYSTEM_DEVELOPER_DIR\=/Applications/Xcode.app/Contents/Developer
    export SYSTEM_DEVELOPER_DOC_DIR\=/Applications/Xcode.app/Contents/Developer/ADC\ Reference\ Library
    export SYSTEM_DEVELOPER_GRAPHICS_TOOLS_DIR\=/Applications/Xcode.app/Contents/Developer/Applications/Graphics\ Tools
    export SYSTEM_DEVELOPER_JAVA_TOOLS_DIR\=/Applications/Xcode.app/Contents/Developer/Applications/Java\ Tools
    export SYSTEM_DEVELOPER_PERFORMANCE_TOOLS_DIR\=/Applications/Xcode.app/Contents/Developer/Applications/Performance\ Tools
    export SYSTEM_DEVELOPER_RELEASENOTES_DIR\=/Applications/Xcode.app/Contents/Developer/ADC\ Reference\ Library/releasenotes
    export SYSTEM_DEVELOPER_TOOLS\=/Applications/Xcode.app/Contents/Developer/Tools
    export SYSTEM_DEVELOPER_TOOLS_DOC_DIR\=/Applications/Xcode.app/Contents/Developer/ADC\ Reference\ Library/documentation/DeveloperTools
    export SYSTEM_DEVELOPER_TOOLS_RELEASENOTES_DIR\=/Applications/Xcode.app/Contents/Developer/ADC\ Reference\ Library/releasenotes/DeveloperTools
    export SYSTEM_DEVELOPER_USR_DIR\=/Applications/Xcode.app/Contents/Developer/usr
    export SYSTEM_DEVELOPER_UTILITIES_DIR\=/Applications/Xcode.app/Contents/Developer/Applications/Utilities
    export SYSTEM_DEXT_INSTALL_PATH\=/System/Library/DriverExtensions
    export SYSTEM_DOCUMENTATION_DIR\=/Library/Documentation
    export SYSTEM_KEXT_INSTALL_PATH\=/System/Library/Extensions
    export SYSTEM_LIBRARY_DIR\=/System/Library
    export TAPI_VERIFY_MODE\=ErrorsOnly
    export TARGETED_DEVICE_FAMILY\=1,2
    export TARGETNAME\=InAppPurchase
    export TARGET_BUILD_DIR\=/Users/RomanBootman/android/moe-samples-java/InAppPurchase/ios/build/moe/xcodebuild/Debug-iphonesimulator
    export TARGET_NAME\=InAppPurchase
    export TARGET_TEMP_DIR\=/Users/RomanBootman/android/moe-samples-java/InAppPurchase/ios/build/moe/xcodebuild/obj/InAppPurchase.build/Debug-iphonesimulator/InAppPurchase.build
    export TEMP_DIR\=/Users/RomanBootman/android/moe-samples-java/InAppPurchase/ios/build/moe/xcodebuild/obj/InAppPurchase.build/Debug-iphonesimulator/InAppPurchase.build
    export TEMP_FILES_DIR\=/Users/RomanBootman/android/moe-samples-java/InAppPurchase/ios/build/moe/xcodebuild/obj/InAppPurchase.build/Debug-iphonesimulator/InAppPurchase.build
    export TEMP_FILE_DIR\=/Users/RomanBootman/android/moe-samples-java/InAppPurchase/ios/build/moe/xcodebuild/obj/InAppPurchase.build/Debug-iphonesimulator/InAppPurchase.build
    export TEMP_ROOT\=/Users/RomanBootman/android/moe-samples-java/InAppPurchase/ios/build/moe/xcodebuild/obj
    export TEST_FRAMEWORK_SEARCH_PATHS\=\ /Applications/Xcode.app/Contents/Developer/Platforms/iPhoneSimulator.platform/Developer/Library/Frameworks\ /Applications/Xcode.app/Contents/Developer/Platforms/iPhoneSimulator.platform/Developer/SDKs/iPhoneSimulator15.2.sdk/Developer/Library/Frameworks
    export TEST_LIBRARY_SEARCH_PATHS\=\ /Applications/Xcode.app/Contents/Developer/Platforms/iPhoneSimulator.platform/Developer/usr/lib
    export TOOLCHAINS\=com.apple.dt.toolchain.XcodeDefault
    export TOOLCHAIN_DIR\=/Applications/Xcode.app/Contents/Developer/Toolchains/XcodeDefault.xctoolchain
    export TREAT_MISSING_BASELINES_AS_TEST_FAILURES\=NO
    export TeamIdentifierPrefix\=FAKETEAMID.
    export UID\=501
    export UNLOCALIZED_RESOURCES_FOLDER_PATH\=InAppPurchase.app
    export UNSTRIPPED_PRODUCT\=NO
    export USER\=RomanBootman
    export USER_APPS_DIR\=/Users/RomanBootman/Applications
    export USER_LIBRARY_DIR\=/Users/RomanBootman/Library
    export USE_DYNAMIC_NO_PIC\=YES
    export USE_HEADERMAP\=YES
    export USE_HEADER_SYMLINKS\=NO
    export USE_LLVM_TARGET_TRIPLES\=YES
    export USE_LLVM_TARGET_TRIPLES_FOR_CLANG\=YES
    export USE_LLVM_TARGET_TRIPLES_FOR_LD\=YES
    export USE_LLVM_TARGET_TRIPLES_FOR_TAPI\=YES
    export VALIDATE_DEVELOPMENT_ASSET_PATHS\=YES_ERROR
    export VALIDATE_PRODUCT\=NO
    export VALIDATE_WORKSPACE\=YES_ERROR
    export VALID_ARCHS\=arm64\ arm64e\ i386\ x86_64
    export VERBOSE_PBXCP\=NO
    export VERSIONPLIST_PATH\=InAppPurchase.app/version.plist
    export VERSION_INFO_BUILDER\=RomanBootman
    export VERSION_INFO_FILE\=InAppPurchase_vers.c
    export VERSION_INFO_STRING\=\"@\(\#\)PROGRAM:InAppPurchase\ \ PROJECT:InAppPurchase-\"
    export WRAPPER_EXTENSION\=app
    export WRAPPER_NAME\=InAppPurchase.app
    export WRAPPER_SUFFIX\=.app
    export WRAP_ASSET_PACKS_IN_SEPARATE_DIRECTORIES\=NO
    export XCODE_APP_SUPPORT_DIR\=/Applications/Xcode.app/Contents/Developer/Library/Xcode
    export XCODE_PRODUCT_BUILD_VERSION\=13C100
    export XCODE_VERSION_ACTUAL\=1321
    export XCODE_VERSION_MAJOR\=1300
    export XCODE_VERSION_MINOR\=1320
    export XPCSERVICES_FOLDER_PATH\=InAppPurchase.app/XPCServices
    export YACC\=yacc
    export arch\=undefined_arch
    export variant\=normal
    /bin/sh -c /Users/RomanBootman/android/moe-samples-java/InAppPurchase/ios/build/moe/xcodebuild/obj/InAppPurchase.build/Debug-iphonesimulator/InAppPurchase.build/Script-D6C1B2ABDF56DE545537EC83.sh
/Applications/Android Studio.app/Contents/jre/Contents/Home
building file list ... done
created directory /Users/RomanBootman/android/moe-samples-java/InAppPurchase/ios/build/moe/xcodebuild/Debug-iphonesimulator/InAppPurchase.app/Frameworks
MOE.framework/
MOE.framework/Info.plist
MOE.framework/MOE
MOE.framework/_CodeSignature/
MOE.framework/_CodeSignature/CodeResources

sent 40222562 bytes  received 98 bytes  26815106.67 bytes/sec
total size is 40217313  speedup is 1.00
/Users/RomanBootman/android/moe-samples-java/InAppPurchase/ios/build/moe/xcodebuild/Debug-iphonesimulator/InAppPurchase.app/Frameworks/MOE.framework: replacing existing signature

CpResource /Users/RomanBootman/android/moe-samples-java/InAppPurchase/ios/build/moe/main/application.jar /Users/RomanBootman/android/moe-samples-java/InAppPurchase/ios/build/moe/xcodebuild/Debug-iphonesimulator/InAppPurchase.app/application.jar (in target 'InAppPurchase' from project 'InAppPurchase')
    cd /Users/RomanBootman/android/moe-samples-java/InAppPurchase/ios/xcode
    builtin-copy -exclude .DS_Store -exclude CVS -exclude .svn -exclude .git -exclude .hg -resolve-src-symlinks /Users/RomanBootman/android/moe-samples-java/InAppPurchase/ios/build/moe/main/application.jar /Users/RomanBootman/android/moe-samples-java/InAppPurchase/ios/build/moe/xcodebuild/Debug-iphonesimulator/InAppPurchase.app
error: /Users/RomanBootman/android/moe-samples-java/InAppPurchase/ios/build/moe/main/application.jar: No such file or directory (in target 'InAppPurchase' from project 'InAppPurchase')

CpResource /Users/RomanBootman/android/moe-samples-java/InAppPurchase/ios/build/moe/main/preregister.txt /Users/RomanBootman/android/moe-samples-java/InAppPurchase/ios/build/moe/xcodebuild/Debug-iphonesimulator/InAppPurchase.app/preregister.txt (in target 'InAppPurchase' from project 'InAppPurchase')
    cd /Users/RomanBootman/android/moe-samples-java/InAppPurchase/ios/xcode
    builtin-copy -exclude .DS_Store -exclude CVS -exclude .svn -exclude .git -exclude .hg -resolve-src-symlinks /Users/RomanBootman/android/moe-samples-java/InAppPurchase/ios/build/moe/main/preregister.txt /Users/RomanBootman/android/moe-samples-java/InAppPurchase/ios/build/moe/xcodebuild/Debug-iphonesimulator/InAppPurchase.app
error: /Users/RomanBootman/android/moe-samples-java/InAppPurchase/ios/build/moe/main/preregister.txt: No such file or directory (in target 'InAppPurchase' from project 'InAppPurchase')

CompileStoryboard /Users/RomanBootman/android/moe-samples-java/InAppPurchase/ios/src/main/resources/MainUI.storyboard (in target 'InAppPurchase' from project 'InAppPurchase')
    cd /Users/RomanBootman/android/moe-samples-java/InAppPurchase/ios/xcode
    export XCODE_DEVELOPER_USR_PATH\=/Applications/Xcode.app/Contents/Developer/usr/bin/..
    /Applications/Xcode.app/Contents/Developer/usr/bin/ibtool --errors --warnings --notices --module InAppPurchase --output-partial-info-plist /Users/RomanBootman/android/moe-samples-java/InAppPurchase/ios/build/moe/xcodebuild/obj/InAppPurchase.build/Debug-iphonesimulator/InAppPurchase.build/MainUI-SBPartialInfo.plist --auto-activate-custom-fonts --target-device iphone --target-device ipad --minimum-deployment-target 9.0 --output-format human-readable-text --compilation-directory /Users/RomanBootman/android/moe-samples-java/InAppPurchase/ios/build/moe/xcodebuild/obj/InAppPurchase.build/Debug-iphonesimulator/InAppPurchase.build /Users/RomanBootman/android/moe-samples-java/InAppPurchase/ios/src/main/resources/MainUI.storyboard

CompileXIB /Users/RomanBootman/android/moe-samples-java/InAppPurchase/ios/src/main/resources/LaunchScreen.xib (in target 'InAppPurchase' from project 'InAppPurchase')
    cd /Users/RomanBootman/android/moe-samples-java/InAppPurchase/ios/xcode
    export XCODE_DEVELOPER_USR_PATH\=/Applications/Xcode.app/Contents/Developer/usr/bin/..
    /Applications/Xcode.app/Contents/Developer/usr/bin/ibtool --errors --warnings --notices --module InAppPurchase --output-partial-info-plist /Users/RomanBootman/android/moe-samples-java/InAppPurchase/ios/build/moe/xcodebuild/obj/InAppPurchase.build/Debug-iphonesimulator/InAppPurchase.build/LaunchScreen-PartialInfo.plist --auto-activate-custom-fonts --target-device iphone --target-device ipad --minimum-deployment-target 9.0 --output-format human-readable-text --compile /Users/RomanBootman/android/moe-samples-java/InAppPurchase/ios/build/moe/xcodebuild/Debug-iphonesimulator/InAppPurchase.app/LaunchScreen.nib /Users/RomanBootman/android/moe-samples-java/InAppPurchase/ios/src/main/resources/LaunchScreen.xib

** BUILD FAILED **


The following build commands failed:
	CpResource /Users/RomanBootman/android/moe-samples-java/InAppPurchase/ios/build/moe/main/application.jar /Users/RomanBootman/android/moe-samples-java/InAppPurchase/ios/build/moe/xcodebuild/Debug-iphonesimulator/InAppPurchase.app/application.jar (in target 'InAppPurchase' from project 'InAppPurchase')
	CpResource /Users/RomanBootman/android/moe-samples-java/InAppPurchase/ios/build/moe/main/preregister.txt /Users/RomanBootman/android/moe-samples-java/InAppPurchase/ios/build/moe/xcodebuild/Debug-iphonesimulator/InAppPurchase.app/preregister.txt (in target 'InAppPurchase' from project 'InAppPurchase')
(2 failures)




FAILURE: Build failed with an exception.

* What went wrong:

> Task :ios:moeMainDebugIphonesimulatorXcodeBuild FAILED

Deprecated Gradle features were used in this build, making it incompatible with Gradle 8.0.

You can use '--warning-mode all' to show the individual deprecation warnings and determine if they come from your own scripts or plugins.

See https://docs.gradle.org/7.4/userguide/command_line_interface.html#sec:command_line_warnings
17 actionable tasks: 3 executed, 14 up-to-date
Execution failed for task ':ios:moeMainDebugIphonesimulatorXcodeBuild'.
> Task failed, you can find the log file here: /Users/RomanBootman/android/moe-samples-java/InAppPurchase/ios/build/moe/xcodebuild/XcodeBuild-main-debug-iphonesimulator.log

* Try:
> Run with --stacktrace option to get the stack trace.
> Run with --info or --debug option to get more log output.
> Run with --scan to get full insights.

* Get more help at https://help.gradle.org

BUILD FAILED in 26s
Multi-OS Engine module build failed